<?xml version="1.0" encoding="UTF-8"?>
<!-- Generated by org.testng.reporters.JUnitReportReporter -->
<testsuite hostname="DESKTOP-C7NDU0E" failures="0" tests="1" name="Scripts.Testcase2" time="7.511" errors="0" timestamp="2023-10-11T20:30:43 IST" skipped="0">
  <testcase classname="Scripts.Testcase2" name="tc2" time="7.511"/>
  <system-out/>
</testsuite> <!-- Scripts.Testcase2 -->
