<?xml version="1.0" encoding="UTF-8"?>
<!-- Generated by org.testng.reporters.JUnitReportReporter -->
<testsuite hostname="DESKTOP-C7NDU0E" failures="0" tests="1" name="Scripts.Testcase1" time="10.280" errors="0" timestamp="2023-10-11T20:10:44 IST" skipped="0">
  <testcase classname="Scripts.Testcase1" name="tc1" time="10.280"/>
  <system-out/>
</testsuite> <!-- Scripts.Testcase1 -->
